<?xml version="1.0" encoding="UTF-8"?>
<!-- Generated by org.testng.reporters.JUnitReportReporter -->
<testsuite hostname="LAPTOP-VRONUPMM" failures="0" tests="6" name="com.example.Testing" time="5.314" errors="0" timestamp="2023-09-13T16:40:29 IST" skipped="0">
  <testcase classname="com.example.Testing" name="pageloadtime" time="2.415"/>
  <testcase classname="com.example.Testing" name="searchItem" time="0.383"/>
  <testcase classname="com.example.Testing" name="Scrollbarcheck" time="0.121"/>
  <testcase classname="com.example.Testing" name="scrollToBottom" time="0.026"/>
  <testcase classname="com.example.Testing" name="CheckPageHasRefreshed" time="2.244"/>
  <testcase classname="com.example.Testing" name="imageload" time="0.125"/>
</testsuite> <!-- com.example.Testing -->
